2025-03-12 10:36:56,792 - newsletter_generator - INFO - Sistema de logging inicializado
2025-03-12 10:37:14,302 - newsletter_generator - INFO - Iniciando geração de newsletter...
2025-03-12 10:37:14,302 - newsletter_generator - INFO - Estilo selecionado: empresarial
2025-03-12 10:37:14,342 - newsletter_generator - INFO - 
Grafo de Execução Planejado:
2025-03-12 10:37:14,376 - newsletter_generator - INFO - %%{init: {'flowchart': {'curve': 'linear'}}}%%
graph TD
    %% Grafo de Execução da Newsletter
    classDef default fill:#f2f0ff,stroke:#333,stroke-width:2px
    classDef start fill:#9f9,stroke:#333,stroke-width:2px
    classDef end fill:#f99,stroke:#333,stroke-width:2px
    classDef active fill:#ff9,stroke:#333,stroke-width:2px;
	__start__([<p>__start__</p>]):::first
	github_agent(github_agent)
	newsletter_agent(newsletter_agent)
	formatter_agent(formatter_agent)
	state_logger(state_logger)
	__end__([<p>__end__</p>]):::last
	__start__ --> github_agent;
	formatter_agent --> __end__;
	formatter_agent --> state_logger;
	github_agent --> newsletter_agent;
	github_agent --> state_logger;
	newsletter_agent --> state_logger;
	state_logger --> __end__;
	newsletter_agent -.-> formatter_agent;
	newsletter_agent -.-> __end__;
	classDef default fill:#f2f0ff,line-height:1.2
	classDef first fill-opacity:0
	classDef last fill:#bfb6fc

2025-03-12 10:37:14,514 - newsletter_generator - INFO - 
Grafo de Execução Final:
2025-03-12 10:37:14,515 - newsletter_generator - INFO - %% Erro em start: 'list' object has no attribute 'strip'
2025-03-12 10:37:14,515 - newsletter_generator - INFO - %%{init: {'flowchart': {'curve': 'linear'}}}%%
graph TD
    %% Execução Finalizada
    classDef default fill:#f2f0ff,stroke:#333,stroke-width:2px
    classDef executed fill:#90EE90,stroke:#006400,stroke-width:2px
    classDef error fill:#FFB6C1,stroke:#8B0000,stroke-width:2px
    classDef active fill:#ff9,stroke:#333,stroke-width:2px;
	__start__([<p>__start__</p>]):::first
	github_agent(github_agent)
	newsletter_agent(newsletter_agent)
	formatter_agent(formatter_agent)
	state_logger(state_logger)
	__end__([<p>__end__</p>]):::last
	__start__ --> github_agent;
	formatter_agent --> __end__;
	formatter_agent --> state_logger;
	github_agent --> newsletter_agent;
	github_agent --> state_logger;
	newsletter_agent --> state_logger;
	state_logger --> __end__;
	newsletter_agent -.-> formatter_agent;
	newsletter_agent -.-> __end__;
	classDef default fill:#f2f0ff,line-height:1.2
	classDef first fill-opacity:0
	classDef last fill:#bfb6fc

2025-03-12 10:37:14,531 - newsletter_generator - ERROR - Erro durante a execução: 'list' object has no attribute 'strip'
